
WHOAMI

root
/builder/home
uid=0(root) gid=0(root) groups=0(root)

DISK

Filesystem      Size  Used Avail Use% Mounted on
overlay         184G   86G   99G  47% /
tmpfs            64M     0   64M   0% /dev
tmpfs           1.9G     0  1.9G   0% /sys/fs/cgroup
/dev/sda1       184G   86G   99G  47% /workspace
shm              64M     0   64M   0% /dev/shm
tmpfs           370M  1.1M  369M   1% /run/docker.sock

RAM

MemTotal:        3781800 kB
MemFree:         2335628 kB
MemAvailable:    3165348 kB
Buffers:          124796 kB
Cached:           875880 kB
SwapCached:            0 kB
Active:           848948 kB
Inactive:         424284 kB
Active(anon):     273492 kB
Inactive(anon):      176 kB
Active(file):     575456 kB
Inactive(file):   424108 kB
Unevictable:           0 kB
Mlocked:               0 kB
SwapTotal:             0 kB
SwapFree:              0 kB
Dirty:             51096 kB
Writeback:             0 kB
AnonPages:        272608 kB
Mapped:           191904 kB
Shmem:              1076 kB
Slab:              99396 kB
SReclaimable:      66820 kB
SUnreclaim:        32576 kB
KernelStack:        3184 kB
PageTables:         5760 kB
NFS_Unstable:          0 kB
Bounce:                0 kB
WritebackTmp:          0 kB
CommitLimit:     1890900 kB
Committed_AS:    1166112 kB
VmallocTotal:   34359738367 kB
VmallocUsed:           0 kB
VmallocChunk:          0 kB
HardwareCorrupted:     0 kB
AnonHugePages:         0 kB
ShmemHugePages:        0 kB
ShmemPmdMapped:        0 kB
CmaTotal:              0 kB
CmaFree:               0 kB
HugePages_Total:       0
HugePages_Free:        0
HugePages_Rsvd:        0
HugePages_Surp:        0
Hugepagesize:       2048 kB
DirectMap4k:       86004 kB
DirectMap2M:     2797568 kB
DirectMap1G:     1048576 kB

SOURCE

total 1600
drwxr-xr-x 14 root root    4096 Jun 16 21:20 .
drwxr-xr-x  7 root root    4096 Jun 16 21:20 ..
drwxr-xr-x  2 root root    4096 Jun 16 21:20 .circleci
-rw-r--r--  1 root root     583 Jun 16 21:20 .codeclimate.yml
-rw-r--r--  1 root root      47 Jun 16 21:20 .dockerignore
-rw-r--r--  1 root root     448 Jun 16 21:20 .editorconfig
-rw-r--r--  1 root root     405 Jun 16 21:20 .eslintrc.json
-rw-r--r--  1 root root     316 Jun 16 21:20 .flowconfig
drwxr-xr-x  8 root root    4096 Jun 16 21:20 .git
-rw-r--r--  1 root root     479 Jun 16 21:20 .gitattributes
drwxr-xr-x  4 root root    4096 Jun 16 21:20 .github
-rw-r--r--  1 root root     510 Jun 16 21:20 .gitignore
-rw-r--r--  1 root root     260 Jun 16 21:20 .gqlconfig
-rw-r--r--  1 root root     669 Jun 16 21:20 .isort.cfg
-rw-r--r--  1 root root      40 Jun 16 21:20 .npmrc
-rw-r--r--  1 root root       8 Jun 16 21:20 .nvmrc
drwxr-xr-x  3 root root    4096 Jun 16 21:20 .plop
-rw-r--r--  1 root root     503 Jun 16 21:20 .pre-commit-config.yaml
-rw-r--r--  1 root root     290 Jun 16 21:20 .pylintrc
-rw-r--r--  1 root root    1384 Jun 16 21:20 .travis.yml
drwxr-xr-x  2 root root    4096 Jun 16 21:20 .tx
-rw-r--r--  1 root root   26972 Jun 16 21:20 CHANGELOG.md
-rw-r--r--  1 root root    1859 Jun 16 21:20 Dockerfile
-rw-r--r--  1 root root    1521 Jun 16 21:20 LICENSE
-rw-r--r--  1 root root    2214 Jun 16 21:20 Pipfile
-rw-r--r--  1 root root   79909 Jun 16 21:20 Pipfile.lock
-rw-r--r--  1 root root     150 Jun 16 21:20 Procfile
-rw-r--r--  1 root root    5938 Jun 16 21:20 README.md
-rw-r--r--  1 root root     298 Jun 16 21:20 apollo.config.js
-rw-r--r--  1 root root    1684 Jun 16 21:20 app.json
-rw-r--r--  1 root root     250 Jun 16 21:20 common.env
drwxr-xr-x  3 root root    4096 Jun 16 21:20 deployment
-rw-r--r--  1 root root     827 Jun 16 21:20 docker-compose.override.yml
-rw-r--r--  1 root root    1119 Jun 16 21:20 docker-compose.yml
drwxr-xr-x 11 root root    4096 Jun 16 21:20 docs
drwxr-xr-x 43 root root    4096 Jun 16 21:20 locale
-rwxr-xr-x  1 root root     250 Jun 16 21:20 manage.py
-rw-r--r--  1 root root 1313898 Jun 16 21:20 package-lock.json
-rw-r--r--  1 root root    6861 Jun 16 21:20 package.json
-rw-r--r--  1 root root     346 Jun 16 21:20 pyproject.toml
-rw-r--r--  1 root root    2610 Jun 16 21:20 requirements.txt
-rw-r--r--  1 root root    1333 Jun 16 21:20 requirements_dev.txt
-rw-r--r--  1 root root      13 Jun 16 21:20 runtime.txt
drwxr-xr-x 21 root root    4096 Jun 16 21:20 saleor
drwxr-xr-x  2 root root    4096 Jun 16 21:20 scripts
-rw-r--r--  1 root root    1164 Jun 16 21:20 setup.cfg
drwxr-xr-x 16 root root    4096 Jun 16 21:20 templates
drwxr-xr-x  6 root root    4096 Jun 16 21:20 tests
-rw-r--r--  1 root root    1274 Jun 16 21:20 tox.ini
-rw-r--r--  1 root root     323 Jun 16 21:20 tsconfig.json
-rw-r--r--  1 root root     354 Jun 16 21:20 tslint.json
-rw-r--r--  1 root root    4060 Jun 16 21:20 webpack.config.js
-rw-r--r--  1 root root     123 Jun 16 21:20 webpack.d.ts

PIPENV

Collecting pipenv
  Downloading https://files.pythonhosted.org/packages/13/b4/3ffa55f77161cff9a5220f162670f7c5eb00df52e00939e203f601b0f579/pipenv-2018.11.26-py3-none-any.whl (5.2MB)
Requirement already satisfied: pip>=9.0.1 in /usr/local/lib/python3.7/site-packages (from pipenv) (19.1.1)
Requirement already satisfied: setuptools>=36.2.1 in /usr/local/lib/python3.7/site-packages (from pipenv) (41.0.1)
Collecting certifi (from pipenv)
  Downloading https://files.pythonhosted.org/packages/69/1b/b853c7a9d4f6a6d00749e94eb6f3a041e342a885b87340b79c1ef73e3a78/certifi-2019.6.16-py2.py3-none-any.whl (157kB)
Collecting virtualenv-clone>=0.2.5 (from pipenv)
  Downloading https://files.pythonhosted.org/packages/ba/f8/50c2b7dbc99e05fce5e5b9d9a31f37c988c99acd4e8dedd720b7b8d4011d/virtualenv_clone-0.5.3-py2.py3-none-any.whl
Collecting virtualenv (from pipenv)
  Downloading https://files.pythonhosted.org/packages/c4/9a/a3f62ac5122a65dec34ad4b5ed8d802633dae4bc06a0fc62e55fe3e96fe1/virtualenv-16.6.1-py2.py3-none-any.whl (2.0MB)
Installing collected packages: certifi, virtualenv-clone, virtualenv, pipenv
Successfully installed certifi-2019.6.16 pipenv-2018.11.26 virtualenv-16.6.1 virtualenv-clone-0.5.3

SYNC


INSTALL

Installing gunicorn…
Installing gevent…
Installing dependencies from Pipfile.lock (b6ec51)…
Ignoring dataclasses: markers 'python_version < "3.7"' don't match your environment
Looking in indexes: https://pypi.python.org/simple
To activate this project's virtualenv, run pipenv shell.
Alternatively, run a command inside the virtualenv with pipenv run.
[[source]]
url = "https://pypi.python.org/simple"
verify_ssl = true
name = "pypi"

[requires]
python_version = "3.7"

[packages]
Babel = ">=2.5"
bleach = "<3.0"
"boto3" = "*"
Django = ">=1.11"
dj_database_url = ">=0.3.0"
dj_email_url = ">=0.0.4"
django-babel = ">=0.6.1"
django-bootstrap4 = ">=0.0.4"
django-cache-url = ">=1.0.0"
django-countries = ">=5.2"
django-filter = ">=2.0"
django-graphql-jwt = ">=0.1.13"
django-impersonate = ">=1.3"
django-measurement = "==3.0.0"
django-mptt = ">=0.7.1"
django-phonenumber-field = ">=1.3.0,<3.0"
django-prices = ">=1.0.2"
django-prices-openexchangerates = ">=1.0.0"
django-prices-vatlayer = ">=1.0.2"
django-redis = ">=4.0.0"
django-storages = {extras = ["google"],version = "*"}
django-templated-email = ">=2.2.0"
django-versatileimagefield = ">=1.10"
django-webpack-loader = ">=0.3.0"
django-elasticsearch-dsl = ">=0.5.0.<0.6.0"
django-recaptcha = "<2.0.0"
django-silk = "==2.0.0"
django-debug-toolbar = "*"
django-debug-toolbar-request-history = "*"
elasticsearch = "==6.3.1"
elasticsearch-dsl = ">=6.0.0,<6.1.0"
faker = ">=0.7.7"
freezegun = ">=0.3.9"
google-measurement-protocol = ">=1.0.0"
"google-i18n-address" = ">=2.3.0"
graphene-django = ">=2.2"
Markdown = ">=2.4"
maxminddb = "*"
"maxminddb-geolite2" = "*"
phonenumberslite = ">=8.10.10"
prices = ">=1.0.0"
"psycopg2-binary" = ">=2.7"
purl = ">=0.4.1"
raven = "==6.9.0"
requests = ">=1.2.0"
social-auth-app-django = ">=2.0.0"
text-unidecode = "*"
uwsgi = {version = ">=2.0.0",platform_system = "!= 'Windows'"}
celery = {version = ">=4.3",extras = ["redis"]}
redis = "<4.0"
kombu = "<5.0.0"
weasyprint = ">=0.42.2"
graphene-django-optimizer = ">=0.4.0"
braintree = "==3.49.0"
razorpay = ">=1.1.1"
stripe = "*"
"urllib3" = "*"
dataclasses = {version = "*",markers = "python_version < '3.7'"}
gunicorn = "*"
gevent = "*"

[dev-packages]
pytest = "*"
pytest-django = "*"
pytest-django-queries = "*"
pytest-vcr = "*"
pytest-mock = "*"
pytest-xdist = "*"
pylint-django = "*"
coverage = "*"
pytest-cov = "*"
codecov = "*"
tox = "*"
pycodestyle = "*"
pydocstyle = "*"
pylint = "*"
pylint_celery = "*"
isort = "*"
yapf = "*"
django-extensions = "*"
pylint-plugin-utils = "*"
transifex-client = "*"
black = "==19.3b0"
pre-commit = "*"
flake8 = "*"

TRANSFER

'Pipfile' -> '/workspace/home/chetabahana/.docker/branch/Pipfile'
'Pipfile.lock' -> '/workspace/home/chetabahana/.docker/branch/Pipfile.lock'
'requirements.txt' -> '/workspace/home/chetabahana/.docker/branch/requirements.txt'
'requirements_dev.txt' -> '/workspace/home/chetabahana/.docker/branch/requirements_dev.txt'

RESULT

Installing tox-pipenv…
Installing dependencies from Pipfile.lock (4f08e1)…
To activate this project's virtualenv, run pipenv shell.
Alternatively, run a command inside the virtualenv with pipenv run.
___________________________________ summary ____________________________________
ERROR:   py36-django22: unresolvable substitution(s): 'QUERIES_RESULTS_PATH'. Environment variables are missing or defined recursively.
ERROR:   py36-django_master: unresolvable substitution(s): 'QUERIES_RESULTS_PATH'. Environment variables are missing or defined recursively.
ERROR:   py37-django22: unresolvable substitution(s): 'QUERIES_RESULTS_PATH'. Environment variables are missing or defined recursively.
ERROR:   py37-django_master: unresolvable substitution(s): 'QUERIES_RESULTS_PATH'. Environment variables are missing or defined recursively.
Checking PEP 508 requirements…
Passed!
Checking installed package safety…
All good!
