
WHOAMI

chetabahana
/home/chetabahana/.docker/compose/scripts
uid=1001(chetabahana) gid=999(docker) groups=999(docker),4(adm),20(dialout),24(cdrom),25(floppy),29(audio),30(dip),44(video),46(plugdev),108(lxd),114(netdev),1000(ubuntu),1001(google-sudoers)

DISK

Filesystem      Size  Used Avail Use% Mounted on
udev            279M     0  279M   0% /dev
tmpfs            59M  920K   58M   2% /run
/dev/sda1        29G   12G   18G  41% /
tmpfs           291M     0  291M   0% /dev/shm
tmpfs           5.0M     0  5.0M   0% /run/lock
tmpfs           291M     0  291M   0% /sys/fs/cgroup
/dev/loop0       89M   89M     0 100% /snap/core/6964
/dev/loop1       90M   90M     0 100% /snap/core/6818
/dev/loop3       60M   60M     0 100% /snap/google-cloud-sdk/85
/dev/loop2       59M   59M     0 100% /snap/google-cloud-sdk/84
/dev/loop4       90M   90M     0 100% /snap/core/6673
/dev/sda15      105M  3.6M  101M   4% /boot/efi
tmpfs            59M     0   59M   0% /run/user/1001

NET STATUS

Active Internet connections (only servers)
Proto Recv-Q Send-Q Local Address           Foreign Address         State       PID/Program name    
tcp        0      0 127.0.0.1:2375          0.0.0.0:*               LISTEN      1032/dockerd        
tcp        0      0 127.0.0.53:53           0.0.0.0:*               LISTEN      751/systemd-resolve 
tcp        0      0 0.0.0.0:22              0.0.0.0:*               LISTEN      1197/sshd           
tcp6       0      0 :::22                   :::*                    LISTEN      1197/sshd           

NMAP STATUS

Starting Nmap 7.60 ( https://nmap.org ) at 2019-06-12 00:23 WIB
Nmap scan report for scanme.nmap.org (45.33.32.156)
Host is up (0.042s latency).
Other addresses for scanme.nmap.org (not scanned): 2600:3c01::f03c:91ff:fe18:bb2f
Not shown: 995 closed ports
PORT      STATE    SERVICE
22/tcp    open     ssh
25/tcp    filtered smtp
80/tcp    open     http
9929/tcp  open     nping-echo
31337/tcp open     Elite

Nmap done: 1 IP address (1 host up) scanned in 1.86 seconds
